app/build/intermediates/manifest_merge_blame_file/release/manifest-merger-blame-release-report.txt
1<?xml version="1.0" encoding="utf-8"?>
2<manifest xmlns:android="http://schemas.android.com/apk/res/android"
3    package="com.nextinnovation.pt.barcodescanner"
4    android:versionCode="3"
5    android:versionName="2.1" >
6
7    <uses-sdk
8        android:minSdkVersion="19"
8-->src\main\AndroidManifest.xml
9        android:targetSdkVersion="28" />
9-->src\main\AndroidManifest.xml
10
11    <uses-permission android:name="android.permission.WRITE_EXTERNAL_STORAGE" />
11-->src\main\AndroidManifest.xml:6:5-81
11-->src\main\AndroidManifest.xml:6:22-78
12    <uses-permission android:name="android.permission.ACCESS_NETWORK_STATE" />
12-->src\main\AndroidManifest.xml:7:5-79
12-->src\main\AndroidManifest.xml:7:22-76
13    <uses-permission android:name="android.permission.INTERNET" />
13-->src\main\AndroidManifest.xml:8:5-67
13-->src\main\AndroidManifest.xml:8:22-64
14    <uses-permission android:name="android.permission.ACCESS_WIFI_STATE" />
14-->src\main\AndroidManifest.xml:9:5-76
14-->src\main\AndroidManifest.xml:9:22-73
15
16    <uses-feature android:name="android.hardware.camera" />
16-->src\main\AndroidManifest.xml:11:5-60
16-->src\main\AndroidManifest.xml:11:19-57
17
18    <uses-permission android:name="android.permission.CAMERA" />
18-->src\main\AndroidManifest.xml:13:5-65
18-->src\main\AndroidManifest.xml:13:22-62
19    <uses-permission android:name="android.permission.WAKE_LOCK" />
19-->[com.google.android.gms:play-services-measurement-sdk-api:17.1.0] AndroidManifest.xml:25:5-68
19-->[com.google.android.gms:play-services-measurement-sdk-api:17.1.0] AndroidManifest.xml:25:22-65
20
21    <application
21-->src\main\AndroidManifest.xml:15:5-72:19
22        android:name="androidx.multidex.MultiDexApplication"
23        android:allowBackup="true"
23-->src\main\AndroidManifest.xml:16:9-35
24        android:appComponentFactory="androidx.core.app.CoreComponentFactory"
24-->[androidx.core:core:1.0.0] AndroidManifest.xml:22:18-86
25        android:icon="@drawable/barcode_icon_2_png"
25-->src\main\AndroidManifest.xml:17:9-52
26        android:label="@string/app_name"
26-->src\main\AndroidManifest.xml:18:9-41
27        android:supportsRtl="true"
27-->src\main\AndroidManifest.xml:19:9-35
28        android:theme="@style/MyMaterialTheme" >
28-->src\main\AndroidManifest.xml:20:9-47
29        <meta-data
29-->src\main\AndroidManifest.xml:22:9-24:70
30            android:name="com.google.android.gms.ads.APPLICATION_ID"
30-->src\main\AndroidManifest.xml:23:13-69
31            android:value="ca-app-pub-1981329224036091~6899735442" />
31-->src\main\AndroidManifest.xml:24:13-67
32
33        <activity
33-->src\main\AndroidManifest.xml:26:9-29:59
34            android:name="com.nextinnovation.pt.barcodescanner.activity.PrincipalActivity"
34-->src\main\AndroidManifest.xml:27:13-55
35            android:label="@string/title_activity_principal"
35-->src\main\AndroidManifest.xml:28:13-61
36            android:theme="@style/AppTheme.NoActionBar" />
36-->src\main\AndroidManifest.xml:29:13-56
37
38        <meta-data
38-->src\main\AndroidManifest.xml:31:9-33:95
39            android:name="android.support.PARENT_ACTIVITY"
39-->src\main\AndroidManifest.xml:32:13-59
40            android:value="com.nextinnovation.pt.barcodescanner.activity.PrincipalActivity" />
40-->src\main\AndroidManifest.xml:33:13-92
41
42        <activity android:name="com.nextinnovation.pt.barcodescanner.activity.ProductActivity" />
42-->src\main\AndroidManifest.xml:35:9-62
42-->src\main\AndroidManifest.xml:35:19-59
43        <activity
43-->src\main\AndroidManifest.xml:36:9-44:20
44            android:name="com.nextinnovation.pt.barcodescanner.activity.SplashActivity"
44-->src\main\AndroidManifest.xml:37:13-52
45            android:theme="@style/SplashTheme" >
45-->src\main\AndroidManifest.xml:38:13-47
46            <intent-filter>
46-->src\main\AndroidManifest.xml:39:13-43:29
47                <action android:name="android.intent.action.MAIN" />
47-->src\main\AndroidManifest.xml:40:17-69
47-->src\main\AndroidManifest.xml:40:25-66
48
49                <category android:name="android.intent.category.LAUNCHER" />
49-->src\main\AndroidManifest.xml:42:17-77
49-->src\main\AndroidManifest.xml:42:27-74
50            </intent-filter>
51        </activity>
52
53        <meta-data
53-->src\main\AndroidManifest.xml:46:9-48:72
54            android:name="io.fabric.ApiKey"
54-->src\main\AndroidManifest.xml:47:13-44
55            android:value="999b54da9d566381250dc5e5d613f3d8e44a356a" />
55-->src\main\AndroidManifest.xml:48:13-69
56
57        <activity
57-->src\main\AndroidManifest.xml:50:9-53:48
58            android:name="com.facebook.FacebookActivity"
58-->src\main\AndroidManifest.xml:51:13-57
59            android:configChanges="keyboard|keyboardHidden|screenLayout|screenSize|orientation"
59-->src\main\AndroidManifest.xml:52:13-96
60            android:label="@string/app_name"
60-->src\main\AndroidManifest.xml:53:13-45
61            android:theme="@style/com_facebook_activity_theme" />
61-->[com.facebook.android:facebook-common:4.42.0] AndroidManifest.xml:32:13-63
62        <activity android:name="com.nextinnovation.pt.barcodescanner.activity.WelcomeActivity" />
62-->src\main\AndroidManifest.xml:54:9-62
62-->src\main\AndroidManifest.xml:54:19-59
63        <activity
63-->src\main\AndroidManifest.xml:56:9-67:20
64            android:name="com.facebook.CustomTabActivity"
64-->src\main\AndroidManifest.xml:57:13-58
65            android:exported="true" >
65-->src\main\AndroidManifest.xml:58:13-36
66            <intent-filter>
66-->src\main\AndroidManifest.xml:59:13-66:29
67                <action android:name="android.intent.action.VIEW" />
67-->src\main\AndroidManifest.xml:60:17-69
67-->src\main\AndroidManifest.xml:60:25-66
68
69                <category android:name="android.intent.category.DEFAULT" />
69-->src\main\AndroidManifest.xml:62:17-76
69-->src\main\AndroidManifest.xml:62:27-73
70                <category android:name="android.intent.category.BROWSABLE" />
70-->src\main\AndroidManifest.xml:63:17-78
70-->src\main\AndroidManifest.xml:63:27-75
71
72                <data android:scheme="@string/fb_login_protocol_scheme" />
72-->src\main\AndroidManifest.xml:65:17-75
72-->src\main\AndroidManifest.xml:65:23-72
73            </intent-filter>
74        </activity>
75
76        <meta-data
76-->src\main\AndroidManifest.xml:69:9-71:55
77            android:name="com.facebook.sdk.ApplicationId"
77-->src\main\AndroidManifest.xml:70:13-58
78            android:value="@string/facebook_app_id" />
78-->src\main\AndroidManifest.xml:71:13-52
79        <meta-data
79-->[com.edwardvanraak:MaterialBarcodeScanner:0.0.6-ALPHA] AndroidManifest.xml:18:9-20:69
80            android:name="com.google.android.gms.version"
80-->[com.edwardvanraak:MaterialBarcodeScanner:0.0.6-ALPHA] AndroidManifest.xml:19:13-58
81            android:value="@integer/google_play_services_version" />
81-->[com.edwardvanraak:MaterialBarcodeScanner:0.0.6-ALPHA] AndroidManifest.xml:20:13-66
82        <meta-data
82-->[com.edwardvanraak:MaterialBarcodeScanner:0.0.6-ALPHA] AndroidManifest.xml:21:9-23:39
83            android:name="com.google.android.gms.vision.DEPENDENCIES"
83-->[com.edwardvanraak:MaterialBarcodeScanner:0.0.6-ALPHA] AndroidManifest.xml:22:13-70
84            android:value="barcode" />
84-->[com.edwardvanraak:MaterialBarcodeScanner:0.0.6-ALPHA] AndroidManifest.xml:23:13-36
85
86        <activity
86-->[com.edwardvanraak:MaterialBarcodeScanner:0.0.6-ALPHA] AndroidManifest.xml:25:9-29:20
87            android:name="com.edwardvanraak.materialbarcodescanner.MaterialBarcodeScannerActivity"
87-->[com.edwardvanraak:MaterialBarcodeScanner:0.0.6-ALPHA] AndroidManifest.xml:26:13-99
88            android:label="@string/library_name"
88-->[com.edwardvanraak:MaterialBarcodeScanner:0.0.6-ALPHA] AndroidManifest.xml:27:13-49
89            android:theme="@style/AppTheme.NoActionBar" >
89-->[com.edwardvanraak:MaterialBarcodeScanner:0.0.6-ALPHA] AndroidManifest.xml:28:13-56
90        </activity>
91        <activity android:name="com.facebook.CustomTabMainActivity" />
91-->[com.facebook.android:facebook-common:4.42.0] AndroidManifest.xml:33:9-71
91-->[com.facebook.android:facebook-common:4.42.0] AndroidManifest.xml:33:19-68
92        <activity
92-->[com.google.android.gms:play-services-auth:17.0.0] AndroidManifest.xml:23:9-27:75
93            android:name="com.google.android.gms.auth.api.signin.internal.SignInHubActivity"
93-->[com.google.android.gms:play-services-auth:17.0.0] AndroidManifest.xml:24:13-93
94            android:excludeFromRecents="true"
94-->[com.google.android.gms:play-services-auth:17.0.0] AndroidManifest.xml:25:13-46
95            android:exported="false"
95-->[com.google.android.gms:play-services-auth:17.0.0] AndroidManifest.xml:26:13-37
96            android:theme="@android:style/Theme.Translucent.NoTitleBar" />
96-->[com.google.android.gms:play-services-auth:17.0.0] AndroidManifest.xml:27:13-72
97        <!--
98            Service handling Google Sign-In user revocation. For apps that do not integrate with
99            Google Sign-In, this service will never be started.
100        -->
101        <service
101-->[com.google.android.gms:play-services-auth:17.0.0] AndroidManifest.xml:33:9-36:110
102            android:name="com.google.android.gms.auth.api.signin.RevocationBoundService"
102-->[com.google.android.gms:play-services-auth:17.0.0] AndroidManifest.xml:34:13-89
103            android:exported="true"
103-->[com.google.android.gms:play-services-auth:17.0.0] AndroidManifest.xml:35:13-36
104            android:permission="com.google.android.gms.auth.api.signin.permission.REVOCATION_NOTIFICATION" />
104-->[com.google.android.gms:play-services-auth:17.0.0] AndroidManifest.xml:36:13-107
105
106        <activity
106-->[com.google.firebase:firebase-auth:19.2.0] AndroidManifest.xml:24:9-31:50
107            android:name="com.google.firebase.auth.internal.FederatedSignInActivity"
107-->[com.google.firebase:firebase-auth:19.2.0] AndroidManifest.xml:25:13-85
108            android:excludeFromRecents="true"
108-->[com.google.firebase:firebase-auth:19.2.0] AndroidManifest.xml:26:13-46
109            android:exported="true"
109-->[com.google.firebase:firebase-auth:19.2.0] AndroidManifest.xml:27:13-36
110            android:launchMode="singleTask"
110-->[com.google.firebase:firebase-auth:19.2.0] AndroidManifest.xml:28:13-44
111            android:permission="com.google.firebase.auth.api.gms.permission.LAUNCH_FEDERATED_SIGN_IN"
111-->[com.google.firebase:firebase-auth:19.2.0] AndroidManifest.xml:29:13-102
112            android:theme="@android:style/Theme.Translucent.NoTitleBar" />
112-->[com.google.firebase:firebase-auth:19.2.0] AndroidManifest.xml:30:13-72
113
114        <service
114-->[com.google.firebase:firebase-auth:19.2.0] AndroidManifest.xml:33:9-39:19
115            android:name="com.google.firebase.components.ComponentDiscoveryService"
115-->[com.google.firebase:firebase-auth:19.2.0] AndroidManifest.xml:34:13-84
116            android:directBootAware="true"
116-->[com.google.firebase:firebase-common:19.3.0] AndroidManifest.xml:34:13-43
117            android:exported="false" >
117-->[com.google.firebase:firebase-auth:19.2.0] AndroidManifest.xml:35:13-37
118            <meta-data
118-->[com.google.firebase:firebase-auth:19.2.0] AndroidManifest.xml:36:13-38:85
119                android:name="com.google.firebase.components:com.google.firebase.auth.FirebaseAuthRegistrar"
119-->[com.google.firebase:firebase-auth:19.2.0] AndroidManifest.xml:37:17-109
120                android:value="com.google.firebase.components.ComponentRegistrar" />
120-->[com.google.firebase:firebase-auth:19.2.0] AndroidManifest.xml:38:17-82
121        </service>
122
123        <activity
123-->[com.google.android.gms:play-services-base:17.1.0] AndroidManifest.xml:23:9-26:75
124            android:name="com.google.android.gms.common.api.GoogleApiActivity"
124-->[com.google.android.gms:play-services-base:17.1.0] AndroidManifest.xml:24:13-79
125            android:exported="false"
125-->[com.google.android.gms:play-services-base:17.1.0] AndroidManifest.xml:25:13-37
126            android:theme="@android:style/Theme.Translucent.NoTitleBar" />
126-->[com.google.android.gms:play-services-base:17.1.0] AndroidManifest.xml:26:13-72
127
128        <provider
128-->[com.google.firebase:firebase-common:19.3.0] AndroidManifest.xml:26:9-30:39
129            android:name="com.google.firebase.provider.FirebaseInitProvider"
129-->[com.google.firebase:firebase-common:19.3.0] AndroidManifest.xml:27:13-77
130            android:authorities="com.nextinnovation.pt.barcodescanner.firebaseinitprovider"
130-->[com.google.firebase:firebase-common:19.3.0] AndroidManifest.xml:28:13-72
131            android:exported="false"
131-->[com.google.firebase:firebase-common:19.3.0] AndroidManifest.xml:29:13-37
132            android:initOrder="100" /> <!-- Include the AdActivity and InAppPurchaseActivity configChanges and themes. -->
132-->[com.google.firebase:firebase-common:19.3.0] AndroidManifest.xml:30:13-36
133        <activity
133-->[com.google.android.gms:play-services-ads-lite:18.3.0] AndroidManifest.xml:29:9-33:64
134            android:name="com.google.android.gms.ads.AdActivity"
134-->[com.google.android.gms:play-services-ads-lite:18.3.0] AndroidManifest.xml:30:13-65
135            android:configChanges="keyboard|keyboardHidden|orientation|screenLayout|uiMode|screenSize|smallestScreenSize"
135-->[com.google.android.gms:play-services-ads-lite:18.3.0] AndroidManifest.xml:31:13-122
136            android:exported="false"
136-->[com.google.android.gms:play-services-ads-lite:18.3.0] AndroidManifest.xml:32:13-37
137            android:theme="@android:style/Theme.Translucent" />
137-->[com.google.android.gms:play-services-ads-lite:18.3.0] AndroidManifest.xml:33:13-61
138
139        <provider
139-->[com.google.android.gms:play-services-ads-lite:18.3.0] AndroidManifest.xml:35:9-39:39
140            android:name="com.google.android.gms.ads.MobileAdsInitProvider"
140-->[com.google.android.gms:play-services-ads-lite:18.3.0] AndroidManifest.xml:36:13-76
141            android:authorities="com.nextinnovation.pt.barcodescanner.mobileadsinitprovider"
141-->[com.google.android.gms:play-services-ads-lite:18.3.0] AndroidManifest.xml:37:13-73
142            android:exported="false"
142-->[com.google.android.gms:play-services-ads-lite:18.3.0] AndroidManifest.xml:38:13-37
143            android:initOrder="100" />
143-->[com.google.android.gms:play-services-ads-lite:18.3.0] AndroidManifest.xml:39:13-36
144        <provider
144-->[com.crashlytics.sdk.android:crashlytics:2.7.1] AndroidManifest.xml:12:9-16:39
145            android:name="com.crashlytics.android.CrashlyticsInitProvider"
145-->[com.crashlytics.sdk.android:crashlytics:2.7.1] AndroidManifest.xml:13:13-75
146            android:authorities="com.nextinnovation.pt.barcodescanner.crashlyticsinitprovider"
146-->[com.crashlytics.sdk.android:crashlytics:2.7.1] AndroidManifest.xml:14:13-75
147            android:exported="false"
147-->[com.crashlytics.sdk.android:crashlytics:2.7.1] AndroidManifest.xml:15:13-37
148            android:initOrder="100" />
148-->[com.crashlytics.sdk.android:crashlytics:2.7.1] AndroidManifest.xml:16:13-36
149        <!--
150         The initialization ContentProvider will call FacebookSdk.sdkInitialize automatically
151         with the application context. This config is merged in with the host app's manifest,
152         but there can only be one provider with the same authority activated at any given
153         point; so if the end user has two or more different apps that use Facebook SDK, only the
154         first one will be able to use the provider. To work around this problem, we use the
155         following placeholder in the authority to identify each host application as if it was
156         a completely different provider.
157        -->
158        <provider
158-->[com.facebook.android:facebook-core:4.42.0] AndroidManifest.xml:39:9-42:40
159            android:name="com.facebook.internal.FacebookInitProvider"
159-->[com.facebook.android:facebook-core:4.42.0] AndroidManifest.xml:40:13-70
160            android:authorities="com.nextinnovation.pt.barcodescanner.FacebookInitProvider"
160-->[com.facebook.android:facebook-core:4.42.0] AndroidManifest.xml:41:13-72
161            android:exported="false" />
161-->[com.facebook.android:facebook-core:4.42.0] AndroidManifest.xml:42:13-37
162
163        <receiver
163-->[com.facebook.android:facebook-core:4.42.0] AndroidManifest.xml:44:9-50:20
164            android:name="com.facebook.CurrentAccessTokenExpirationBroadcastReceiver"
164-->[com.facebook.android:facebook-core:4.42.0] AndroidManifest.xml:45:13-86
165            android:exported="false" >
165-->[com.facebook.android:facebook-core:4.42.0] AndroidManifest.xml:46:13-37
166            <intent-filter>
166-->[com.facebook.android:facebook-core:4.42.0] AndroidManifest.xml:47:13-49:29
167                <action android:name="com.facebook.sdk.ACTION_CURRENT_ACCESS_TOKEN_CHANGED" />
167-->[com.facebook.android:facebook-core:4.42.0] AndroidManifest.xml:48:17-95
167-->[com.facebook.android:facebook-core:4.42.0] AndroidManifest.xml:48:25-92
168            </intent-filter>
169        </receiver>
170
171        <provider
171-->[androidx.lifecycle:lifecycle-process:2.0.0] AndroidManifest.xml:23:9-27:43
172            android:name="androidx.lifecycle.ProcessLifecycleOwnerInitializer"
172-->[androidx.lifecycle:lifecycle-process:2.0.0] AndroidManifest.xml:24:13-79
173            android:authorities="com.nextinnovation.pt.barcodescanner.lifecycle-process"
173-->[androidx.lifecycle:lifecycle-process:2.0.0] AndroidManifest.xml:25:13-69
174            android:exported="false"
174-->[androidx.lifecycle:lifecycle-process:2.0.0] AndroidManifest.xml:26:13-37
175            android:multiprocess="true" />
175-->[androidx.lifecycle:lifecycle-process:2.0.0] AndroidManifest.xml:27:13-40
176    </application>
177
178</manifest>